<?xml version="1.0" encoding="UTF-8"?>
<!-- Generated by org.testng.reporters.JUnitXMLReporter -->
<testsuite ignored="0" hostname="JISH" failures="0" tests="4" name="CategoryParameter" time="24.405" errors="0" timestamp="2025-11-21T20:38:44 IST">
  <testcase classname="testscript.ManageCategoryPageTest" name="moveToManageCategoryInfo" time="1.161"/>
  <testcase classname="testscript.ManageCategoryPageTest" name="addCategoryInfo" time="9.454"/>
  <testcase classname="testscript.ManageCategoryPageTest" name="updateCategoryInfo" time="2.549"/>
  <testcase classname="testscript.ManageCategoryPageTest" name="deleteCategoryInfo" time="2.164"/>
</testsuite> <!-- CategoryParameter -->
