<?xml version="1.0" encoding="UTF-8"?>
<!-- Generated by org.testng.reporters.JUnitXMLReporter -->
<testsuite ignored="0" hostname="JISH" failures="0" tests="3" name="NewsParameter" time="13.013" errors="0" timestamp="2025-11-21T21:03:30 IST">
  <testcase classname="testscript.ManageNewsPageTest" name="moveToManageNewsPage" time="1.179"/>
  <testcase classname="testscript.ManageNewsPageTest" name="addNewsInfo" time="1.758"/>
  <testcase classname="testscript.ManageNewsPageTest" name="UpdateNewsInfo" time="2.532"/>
</testsuite> <!-- NewsParameter -->
