<?xml version="1.0" encoding="UTF-8"?>
<!-- Generated by org.testng.reporters.JUnitXMLReporter -->
<testsuite ignored="0" hostname="JISH" failures="0" tests="3" name="ParameterAdminUsersTest" time="12.736" errors="0" timestamp="2025-11-21T20:37:57 IST">
  <testcase classname="testscript.AdminUsersPageTest" name="verifyAdminUserInfo" time="1.946"/>
  <testcase classname="testscript.AdminUsersPageTest" name="searchForAUserWithUsernameAndTypeTest" time="2.134"/>
  <testcase classname="testscript.AdminUsersPageTest" name="searchForAUserWithUsernameTest" time="2.283"/>
</testsuite> <!-- ParameterAdminUsersTest -->
