<?xml version="1.0" encoding="UTF-8"?>
<!-- Generated by org.testng.reporters.JUnitXMLReporter -->
<testsuite ignored="0" hostname="JISH" failures="0" tests="4" name="ParameterLoginTest" time="13.182" errors="0" timestamp="2025-11-21T21:04:16 IST">
  <testcase classname="testscript.LoginPageTest" name="verifyValidUsernameAndPassword" time="0.863"/>
  <testcase classname="testscript.LoginPageTest" name="invalidUsernameAndValidPassword" time="0.638"/>
  <testcase classname="testscript.LoginPageTest" name="invalidPasswordAndValidUsername" time="1.879"/>
  <testcase classname="testscript.LoginPageTest" name="invalidUsernameAndPassqord" time="1.484"/>
</testsuite> <!-- ParameterLoginTest -->
