<?xml version="1.0" encoding="UTF-8"?>
<!-- Generated by org.testng.reporters.JUnitXMLReporter -->
<testsuite ignored="0" hostname="JISH" failures="0" tests="7" name="paralleltesting" time="24.832" errors="0" timestamp="2025-11-28T13:42:39 IST">
  <testcase classname="testscript.LoginPageTest" name="verifyValidUsernameAndPassword" time="1.146"/>
  <testcase classname="testscript.LoginPageTest" name="invalidUsernameAndValidPassword" time="1.216"/>
  <testcase classname="testscript.AdminUsersPageTest" name="verifyAdminUserInfo" time="4.935"/>
  <testcase classname="testscript.AdminUsersPageTest" name="searchForAUserWithUsernameAndTypeTest" time="3.469"/>
  <testcase classname="testscript.LoginPageTest" name="invalidPasswordAndValidUsername" time="3.73"/>
  <testcase classname="testscript.LoginPageTest" name="invalidUsernameAndPassqord" time="0.954"/>
  <testcase classname="testscript.AdminUsersPageTest" name="searchForAUserWithUsernameTest" time="2.519"/>
</testsuite> <!-- paralleltesting -->
