<?xml version="1.0" encoding="UTF-8"?>
<!-- Generated by org.testng.reporters.JUnitXMLReporter -->
<testsuite ignored="2" hostname="JISH" failures="0" tests="2" name="grouping" time="6.083" errors="0" timestamp="2025-11-28T13:35:01 IST">
  <testcase classname="testscript.LoginPageTest" name="verifyValidUsernameAndPassword" time="0.776"/>
  <testcase classname="testscript.LoginPageTest" name="invalidUsernameAndValidPassword" time="0.659"/>
  <testcase classname="testscript.LoginPageTest" name="invalidUsernameAndPassqord" time="0.0">
    <ignored/>
  </testcase> <!-- invalidUsernameAndPassqord -->
  <testcase classname="testscript.LoginPageTest" name="invalidPasswordAndValidUsername" time="0.0">
    <ignored/>
  </testcase> <!-- invalidPasswordAndValidUsername -->
</testsuite> <!-- grouping -->
