<?xml version="1.0" encoding="UTF-8"?>
<!-- Generated by org.testng.reporters.JUnitXMLReporter -->
<testsuite ignored="2" hostname="JISH" failures="0" tests="2" name="grouping.xml" time="0.095" errors="0" timestamp="2025-11-28T13:27:33 IST">
  <testcase classname="testscript.Base" name="@BeforeMethod beforeMethod" time="-1.764316653501E9">
    <failure type="org.testng.TestNGException" message="
Parameter &amp;apos;Browser&amp;apos; is required by BeforeMethod on method beforeMethod but has not been marked @Optional or defined
in C:\Users\jishn\git\repositoryselenium\7rMartSuperMarket\grouping.xml">
      <![CDATA[org.testng.TestNGException: 
Parameter 'Browser' is required by BeforeMethod on method beforeMethod but has not been marked @Optional or defined
in C:\Users\jishn\git\repositoryselenium\7rMartSuperMarket\grouping.xml
at java.base/java.util.ArrayList.forEach(ArrayList.java:1596)
... Removed 28 stack frames]]>
    </failure>
  </testcase> <!-- @BeforeMethod beforeMethod -->
  <testcase classname="testscript.Base" name="@BeforeMethod beforeMethod" time="-1.764316653552E9">
    <failure type="org.testng.TestNGException" message="
Parameter &amp;apos;Browser&amp;apos; is required by BeforeMethod on method beforeMethod but has not been marked @Optional or defined
in C:\Users\jishn\git\repositoryselenium\7rMartSuperMarket\grouping.xml">
      <![CDATA[org.testng.TestNGException: 
Parameter 'Browser' is required by BeforeMethod on method beforeMethod but has not been marked @Optional or defined
in C:\Users\jishn\git\repositoryselenium\7rMartSuperMarket\grouping.xml
at java.base/java.util.ArrayList.forEach(ArrayList.java:1596)
... Removed 28 stack frames]]>
    </failure>
  </testcase> <!-- @BeforeMethod beforeMethod -->
  <testcase classname="testscript.LoginPageTest" name="verifyValidUsernameAndPassword" time="0.0">
    <skipped/>
  </testcase> <!-- verifyValidUsernameAndPassword -->
  <testcase classname="testscript.LoginPageTest" name="invalidUsernameAndValidPassword" time="0.001">
    <skipped/>
  </testcase> <!-- invalidUsernameAndValidPassword -->
  <testcase classname="testscript.LoginPageTest" name="invalidUsernameAndPassqord" time="0.0">
    <ignored/>
  </testcase> <!-- invalidUsernameAndPassqord -->
  <testcase classname="testscript.LoginPageTest" name="invalidPasswordAndValidUsername" time="0.0">
    <ignored/>
  </testcase> <!-- invalidPasswordAndValidUsername -->
</testsuite> <!-- grouping.xml -->
