<?xml version="1.0" encoding="UTF-8"?>
<!-- Generated by org.testng.reporters.JUnitReportReporter -->
<testsuite hostname="JISH" failures="0" tests="4" name="testscript.LoginPageTest" time="21.138" errors="0" timestamp="2025-11-28T13:42:39 IST" skipped="0">
  <testcase classname="testscript.LoginPageTest" name="verifyValidUsernameAndPassword" time="5.082"/>
  <testcase classname="testscript.LoginPageTest" name="invalidUsernameAndValidPassword" time="5.157"/>
  <testcase classname="testscript.LoginPageTest" name="invalidPasswordAndValidUsername" time="7.581"/>
  <testcase classname="testscript.LoginPageTest" name="invalidUsernameAndPassqord" time="3.318"/>
</testsuite> <!-- testscript.LoginPageTest -->
