<?xml version="1.0" encoding="UTF-8"?>
<!-- Generated by org.testng.reporters.JUnitReportReporter -->
<testsuite hostname="JISH" failures="0" tests="6" name="testscript.ManageNewsPageTest" time="105.905" errors="0" timestamp="2025-11-28T13:02:57 IST" skipped="0">
  <testcase classname="testscript.ManageNewsPageTest" name="moveToManageNewsPage" time="14.077"/>
  <testcase classname="testscript.ManageNewsPageTest" name="moveToManageNewsPage" time="15.027"/>
  <testcase classname="testscript.ManageNewsPageTest" name="addNewsInfo" time="17.818"/>
  <testcase classname="testscript.ManageNewsPageTest" name="addNewsInfo" time="24.054"/>
  <testcase classname="testscript.ManageNewsPageTest" name="UpdateNewsInfo" time="14.864"/>
  <testcase classname="testscript.ManageNewsPageTest" name="UpdateNewsInfo" time="20.065"/>
</testsuite> <!-- testscript.ManageNewsPageTest -->
