<?xml version="1.0" encoding="UTF-8"?>
<!-- Generated by org.testng.reporters.JUnitReportReporter -->
<testsuite hostname="JISH" failures="0" tests="4" name="testscript.ManageCategoryPageTest" time="24.345" errors="0" timestamp="2025-11-21T20:38:44 IST" skipped="0">
  <testcase classname="testscript.ManageCategoryPageTest" name="moveToManageCategoryInfo" time="3.785"/>
  <testcase classname="testscript.ManageCategoryPageTest" name="addCategoryInfo" time="11.600"/>
  <testcase classname="testscript.ManageCategoryPageTest" name="updateCategoryInfo" time="4.294"/>
  <testcase classname="testscript.ManageCategoryPageTest" name="deleteCategoryInfo" time="4.666"/>
</testsuite> <!-- testscript.ManageCategoryPageTest -->
