<?xml version="1.0" encoding="UTF-8"?>
<!-- Generated by org.testng.reporters.JUnitReportReporter -->
<testsuite hostname="JISH" failures="0" tests="3" name="testscript.AdminUsersPageTest" time="24.732" errors="0" timestamp="2025-11-28T13:42:39 IST" skipped="0">
  <testcase classname="testscript.AdminUsersPageTest" name="verifyAdminUserInfo" time="11.312"/>
  <testcase classname="testscript.AdminUsersPageTest" name="searchForAUserWithUsernameAndTypeTest" time="6.986"/>
  <testcase classname="testscript.AdminUsersPageTest" name="searchForAUserWithUsernameTest" time="6.434"/>
</testsuite> <!-- testscript.AdminUsersPageTest -->
