<?xml version="1.0" encoding="UTF-8"?>
<!-- Generated by org.testng.reporters.JUnitXMLReporter -->
<testsuite ignored="0" hostname="JISH" failures="0" tests="3" name="ChromeTest" time="48.009" errors="0" timestamp="2025-11-28T13:02:45 IST">
  <testcase classname="testscript.ManageNewsPageTest" name="moveToManageNewsPage" time="8.53"/>
  <testcase classname="testscript.ManageNewsPageTest" name="addNewsInfo" time="12.511"/>
  <testcase classname="testscript.ManageNewsPageTest" name="UpdateNewsInfo" time="9.145"/>
</testsuite> <!-- ChromeTest -->
