<?xml version="1.0" encoding="UTF-8"?>
<!-- Generated by org.testng.reporters.JUnitXMLReporter -->
<testsuite ignored="0" hostname="JISH" failures="0" tests="3" name="EdgeTest" time="0.26" errors="0" timestamp="2025-11-28T12:59:58 IST">
  <testcase classname="testscript.ManageNewsPageTest" name="moveToManageNewsPage" time="0.0">
    <skipped/>
  </testcase> <!-- moveToManageNewsPage -->
  <testcase classname="testscript.ManageNewsPageTest" name="addNewsInfo" time="0.001">
    <skipped/>
  </testcase> <!-- addNewsInfo -->
  <testcase classname="testscript.ManageNewsPageTest" name="UpdateNewsInfo" time="0.002">
    <skipped/>
  </testcase> <!-- UpdateNewsInfo -->
</testsuite> <!-- EdgeTest -->
