<?xml version="1.0" encoding="UTF-8"?>
<!-- Generated by org.testng.reporters.JUnitXMLReporter -->
<testsuite ignored="0" hostname="JISH" failures="0" tests="3" name="FirefoxTest" time="58.497" errors="0" timestamp="2025-11-28T13:02:56 IST">
  <testcase classname="testscript.ManageNewsPageTest" name="moveToManageNewsPage" time="1.974"/>
  <testcase classname="testscript.ManageNewsPageTest" name="addNewsInfo" time="4.429"/>
  <testcase classname="testscript.ManageNewsPageTest" name="UpdateNewsInfo" time="5.184"/>
</testsuite> <!-- FirefoxTest -->
